<?xml version="1.0" encoding="UTF-8"?>
<testng-results skipped="0" failed="0" ignored="0" total="1" passed="1">
  <reporter-output>
  </reporter-output>
  <suite name="Default suite" duration-ms="11000" started-at="2020-10-25T13:57:12Z" finished-at="2020-10-25T13:57:23Z">
    <groups>
    </groups>
    <test name="Default test" duration-ms="11000" started-at="2020-10-25T13:57:12Z" finished-at="2020-10-25T13:57:23Z">
      <class name="TestPackage.First">
        <test-method status="PASS" signature="OpenBrowser()[pri:0, instance:TestPackage.First@68c4039c]" name="OpenBrowser" duration-ms="10979" started-at="2020-10-25T19:27:12Z" finished-at="2020-10-25T19:27:23Z">
          <reporter-output>
          </reporter-output>
        </test-method> <!-- OpenBrowser -->
      </class> <!-- TestPackage.First -->
    </test> <!-- Default test -->
  </suite> <!-- Default suite -->
</testng-results>
